<?xml version="1.0" encoding="UTF-8"?>
<!-- Generated by org.testng.reporters.JUnitReportReporter -->
<testsuite skipped="0" hostname="DESKTOP-GM20KQQ" name="core.PriorityClass" tests="4" failures="0" timestamp="2022-03-05T09:24:54 IST" time="0.064" errors="0">
  <testcase name="testCaseFour" time="0.059" classname="core.PriorityClass"/>
  <system-out/>
  <testcase name="testCaseThree" time="0.001" classname="core.PriorityClass"/>
  <system-out/>
  <testcase name="testCaseOne" time="0.002" classname="core.PriorityClass"/>
  <system-out/>
  <testcase name="testCaseTwo" time="0.002" classname="core.PriorityClass"/>
  <system-out/>
</testsuite> <!-- core.PriorityClass -->
