<?xml version="1.0" encoding="UTF-8"?>
<!-- Generated by org.testng.reporters.JUnitReportReporter -->
<testsuite skipped="2" hostname="DESKTOP-GM20KQQ" name="core.EnableDisableClass" tests="4" failures="0" timestamp="2022-03-05T09:33:48 IST" time="0.020" errors="0">
  <testcase name="testCaseOne" time="0.011" classname="core.EnableDisableClass"/>
  <system-out/>
  <testcase name="testCaseTwo" time="0.009" classname="core.EnableDisableClass"/>
  <system-out/>
  <testcase name="testCaseFour" classname="core.EnableDisableClass">
    <skipped/>
  </testcase> <!-- testCaseFour -->
  <system-out/>
  <testcase name="testCaseThree" classname="core.EnableDisableClass">
    <skipped/>
  </testcase> <!-- testCaseThree -->
  <system-out/>
</testsuite> <!-- core.EnableDisableClass -->
