<?xml version="1.0" encoding="UTF-8"?>
<!-- Generated by org.testng.reporters.JUnitReportReporter -->
<testsuite skipped="0" hostname="DESKTOP-GM20KQQ" name="parameter.DataProviderClass" tests="3" failures="0" timestamp="2022-03-06T09:10:11 IST" time="0.127" errors="0">
  <testcase name="testCase" time="0.002" classname="parameter.DataProviderClass"/>
  <system-out/>
  <testcase name="testCase" time="0.123" classname="parameter.DataProviderClass"/>
  <system-out/>
  <testcase name="testCase" time="0.002" classname="parameter.DataProviderClass"/>
  <system-out/>
</testsuite> <!-- parameter.DataProviderClass -->
