<?xml version="1.0" encoding="UTF-8"?>
<!-- Generated by org.testng.reporters.JUnitReportReporter -->
<testsuite skipped="0" hostname="DESKTOP-GM20KQQ" name="core.TestNGBasic" tests="2" failures="0" timestamp="2022-03-27T08:48:35 IST" time="0.020" errors="0">
  <testcase name="testCaseTwo" time="0.003" classname="core.TestNGBasic"/>
  <system-out/>
  <testcase name="testCaseOne" time="0.017" classname="core.TestNGBasic"/>
  <system-out/>
</testsuite> <!-- core.TestNGBasic -->
