<?xml version="1.0" encoding="UTF-8"?>
<!-- Generated by org.testng.reporters.JUnitReportReporter -->
<testsuite skipped="0" hostname="DESKTOP-GM20KQQ" name="core.IncludeExcludeClass" tests="4" failures="0" timestamp="2022-03-05T10:08:21 IST" time="0.027" errors="0">
  <testcase name="testCaseOne" time="0.001" classname="core.IncludeExcludeClass"/>
  <system-out/>
  <testcase name="testCaseThree" time="0.001" classname="core.IncludeExcludeClass"/>
  <system-out/>
  <testcase name="testCaseFive" time="0.023" classname="core.IncludeExcludeClass"/>
  <system-out/>
  <testcase name="testCaseTwo" time="0.002" classname="core.IncludeExcludeClass"/>
  <system-out/>
</testsuite> <!-- core.IncludeExcludeClass -->
