<?xml version="1.0" encoding="UTF-8"?>
<!-- Generated by org.testng.reporters.JUnitReportReporter -->
<testsuite skipped="0" hostname="DESKTOP-GM20KQQ" name="parameter.SeleniumDataProvider" tests="3" failures="0" timestamp="2022-03-12T07:53:24 IST" time="42.517" errors="0">
  <testcase name="testCase" time="16.564" classname="parameter.SeleniumDataProvider"/>
  <system-out/>
  <testcase name="testCase" time="11.922" classname="parameter.SeleniumDataProvider"/>
  <system-out/>
  <testcase name="testCase" time="14.031" classname="parameter.SeleniumDataProvider"/>
  <system-out/>
</testsuite> <!-- parameter.SeleniumDataProvider -->
