<?xml version="1.0" encoding="UTF-8"?>
<!-- Generated by org.testng.reporters.JUnitReportReporter -->
<testsuite skipped="0" hostname="DESKTOP-GM20KQQ" name="parallel.ParallelClass" tests="1" failures="0" timestamp="2022-03-12T08:45:16 IST" time="31.983" errors="0">
  <testcase name="testOne" time="31.983" classname="parallel.ParallelClass"/>
  <system-out/>
</testsuite> <!-- parallel.ParallelClass -->
