<?xml version="1.0" encoding="UTF-8"?>
<!-- Generated by org.testng.reporters.JUnitReportReporter -->
<testsuite skipped="0" hostname="DESKTOP-GM20KQQ" name="core.EnableDisableClass" tests="1" failures="0" timestamp="2022-03-06T07:51:28 IST" time="0.028" errors="0">
  <testcase name="testCaseOne" time="0.028" classname="core.EnableDisableClass"/>
  <system-out/>
</testsuite> <!-- core.EnableDisableClass -->
