<?xml version="1.0" encoding="UTF-8"?>
<!-- Generated by org.testng.reporters.JUnitReportReporter -->
<testsuite skipped="0" hostname="DESKTOP-GM20KQQ" name="parameter.SecondWayDataProvider" tests="2" failures="0" timestamp="2022-03-12T08:00:19 IST" time="22.956" errors="0">
  <testcase name="testCase" time="13.520" classname="parameter.SecondWayDataProvider"/>
  <system-out/>
  <testcase name="testCase" time="9.436" classname="parameter.SecondWayDataProvider"/>
  <system-out/>
</testsuite> <!-- parameter.SecondWayDataProvider -->
