<?xml version="1.0" encoding="UTF-8"?>
<!-- Generated by org.testng.reporters.JUnitReportReporter -->
<testsuite skipped="0" hostname="DESKTOP-GM20KQQ" name="core.TestNGBasic" tests="2" failures="0" timestamp="2022-03-05T09:24:54 IST" time="0.006" errors="0">
  <testcase name="testCaseOne" time="0.002" classname="core.TestNGBasic"/>
  <system-out/>
  <testcase name="testCaseTwo" time="0.004" classname="core.TestNGBasic"/>
  <system-out/>
</testsuite> <!-- core.TestNGBasic -->
