<?xml version="1.0" encoding="UTF-8"?>
<!-- Generated by org.testng.reporters.JUnitReportReporter -->
<testsuite skipped="0" hostname="DESKTOP-GM20KQQ" name="core.PriorityClass" tests="4" failures="0" timestamp="2022-03-06T07:35:53 IST" time="0.050" errors="0">
  <testcase name="testCaseFour" time="0.012" classname="core.PriorityClass"/>
  <system-out/>
  <testcase name="testCaseThree" time="0.009" classname="core.PriorityClass"/>
  <system-out/>
  <testcase name="testCaseTwo" time="0.003" classname="core.PriorityClass"/>
  <system-out/>
  <testcase name="testCaseOne" time="0.026" classname="core.PriorityClass"/>
  <system-out/>
</testsuite> <!-- core.PriorityClass -->
