<?xml version="1.0" encoding="UTF-8"?>
<!-- Generated by org.testng.reporters.JUnitReportReporter -->
<testsuite skipped="0" hostname="DESKTOP-GM20KQQ" name="parameter.IfElseBrowserClass" tests="1" failures="0" timestamp="2022-03-06T08:44:31 IST" time="36.813" errors="0">
  <testcase name="launchBrowser" time="36.813" classname="parameter.IfElseBrowserClass"/>
  <system-out/>
</testsuite> <!-- parameter.IfElseBrowserClass -->
