<?xml version="1.0" encoding="UTF-8"?>
<!-- Generated by org.testng.reporters.JUnitReportReporter -->
<testsuite skipped="0" hostname="DESKTOP-GM20KQQ" name="core.TestNGSelenium" tests="4" failures="0" timestamp="2022-03-05T08:45:56 IST" time="329.943" errors="0">
  <testcase name="inValidLogin" time="215.366" classname="core.TestNGSelenium"/>
  <system-out/>
  <testcase name="blankLogin" time="39.619" classname="core.TestNGSelenium"/>
  <system-out/>
  <testcase name="passInvalid" time="28.582" classname="core.TestNGSelenium"/>
  <system-out/>
  <testcase name="validLogin" time="46.376" classname="core.TestNGSelenium"/>
  <system-out/>
</testsuite> <!-- core.TestNGSelenium -->
